[INFO] ----------------------------------------------------------------------
[INFO] Stargazer 2.0.0
[INFO] Author: Seung-been "Steven" Lee
[INFO] Enter 'python3 Stargazer -h' to view command line arguments
[INFO] For more details, please visit https://stargazer.gs.washington.edu/stargazerweb
[INFO] Date: 2023-05-22
[INFO] Start time: 10:03:39
[INFO] Stargazer path: /net/nwgc/vol1/nobackup/Stargazer/Stargazer-20-grch38-support/stargazer
[INFO] Command line: stargazer -o rok-cyp3a5-chip -d chip -t cyp3a5 --vcf rok-cyp3a5.vcf
[INFO] ----------------------------------------------------------------------
[INFO] ----------------------------------------------------------------------
[INFO] Step 1/9: Determining genotype mode...
[INFO] Reference genome assembly: hg19
[INFO] Target gene: CYP3A5
[INFO] Target paralog: None
[INFO] Target region: chr7:99242811-99280649
[INFO] Control gene: None
[INFO] Input data source: Single nucleotide polymorphism array
[INFO] VCF-only mode is turned on: True
[INFO] Impute ungenotyped markers: False
[INFO] Finished determining genotype mode
[INFO] ----------------------------------------------------------------------
