beagle.05May22.33a.jar (version 5.4)
Copyright (C) 2014-2022 Brian L. Browning
Enter "java -jar beagle.05May22.33a.jar" to list command line argument
Start time: 12:43 PM PDT on 04 Apr 2023

Command line: java -Xmx2048m -jar beagle.05May22.33a.jar
  gt=getrm-cyp3a5-vcfonly/phaseme.vcf
  chrom=7:99242811-99280649
  ref=/net/nwgc/vol1/nobackup/Stargazer/Stargazer-20-grch38-support/stargazer/1kgp_vcf/hg19/cyp3a5.vcf.gz
  out=getrm-cyp3a5-vcfonly/phased
  impute=false
  nthreads=2

No genetic map is specified: using 1 cM = 1 Mb

Reference samples:                2,504
Study     samples:                   70

Window 1 [7:99242833-99280641]
Reference markers:                  162
Study     markers:                  162

Burnin  iteration 1:           1 second
Burnin  iteration 2:           0 seconds

Estimated ne:                  504589
Estimated err:                 2.1e-04

Phasing iteration 1:           0 seconds
Phasing iteration 2:           0 seconds
Phasing iteration 3:           0 seconds
Phasing iteration 4:           0 seconds
Phasing iteration 5:           0 seconds
Phasing iteration 6:           0 seconds
Phasing iteration 7:           0 seconds
Phasing iteration 8:           0 seconds
Phasing iteration 9:           0 seconds
Phasing iteration 10:          0 seconds
Phasing iteration 11:          0 seconds
Phasing iteration 12:          0 seconds

Cumulative Statistics:

Study     markers:                  162

Haplotype phasing time:        1 second
Total time:                    3 seconds

End time: 12:43 PM PDT on 04 Apr 2023
beagle.05May22.33a.jar finished
