[INFO] ----------------------------------------------------------------------
[INFO] Stargazer 2.0.0
[INFO] Author: Seung-been "Steven" Lee
[INFO] Enter 'python3 Stargazer -h' to view command line arguments
[INFO] For more details, please visit https://stargazer.gs.washington.edu/stargazerweb
[INFO] Date: 2023-04-04
[INFO] Start time: 12:43:35
[INFO] Stargazer path: /net/nwgc/vol1/nobackup/Stargazer/Stargazer-20-grch38-support/stargazer/
[INFO] Command line: stargazer -o getrm-cyp3a5-vcfonly -d wgs -t cyp3a5 --vcf getrm-cyp3a5-vdr.joint.filtered.vcf
[INFO] ----------------------------------------------------------------------
[INFO] ----------------------------------------------------------------------
[INFO] Step 1/9: Determining genotype mode...
[INFO] Reference genome assembly: hg19
[INFO] Target gene: CYP3A5
[INFO] Target paralog: None
[INFO] Target region: chr7:99242811-99280649
[INFO] Control gene: None
[INFO] Input data source: Whole genome sequencing
[INFO] VCF-only mode is turned on: True
[INFO] Impute ungenotyped markers: False
[INFO] Finished determining genotype mode
[INFO] ----------------------------------------------------------------------
[INFO] ----------------------------------------------------------------------
[INFO] Step 2/10: Assessing input VCF file...
[INFO] Samples total: 70
[INFO] Markers total: 234
[INFO] Markers with allelic depth: 234
[INFO] Markers unphased: 234
[INFO] Markers phased: 0
[INFO] Markers partially phased: 0
[INFO] Finished assessing input VCF file
[INFO] ----------------------------------------------------------------------
[INFO] ----------------------------------------------------------------------
[INFO] Step 3/10: Processing input VCF...
[INFO] Markers with allelic imbalance: 4
[INFO] Markers with high missingness: 2
[INFO] Markers with invalid allele: 0
[INFO] Finished processing input VCF
[INFO] ----------------------------------------------------------------------
[INFO] ----------------------------------------------------------------------
[INFO] Step 4/10: Conforming input VCF...
[INFO] Markers total: 234
[INFO] Markers filtered: 0
[INFO] Markers remaining: 234
[INFO] Markers phasable: 162
[INFO] Markers ready: 162
[INFO] Markers conformed: 0
[INFO] Markers unphasable: 3
[INFO] Markers absent in reference VCF: 1
[INFO] Markers with different REF allele: 2
[INFO] Markers with no overlapping ALT alleles: 0
[INFO] Finished conforming input VCF
[INFO] ----------------------------------------------------------------------
[INFO] ----------------------------------------------------------------------
[INFO] Step 5/10: Statistically phasing input VCF...
[INFO] Markers attempted: 162
[INFO] Markers phased: 162
[INFO] Markers omitted: 0
[INFO] Finished statistically phasing input VCF
[INFO] ----------------------------------------------------------------------
[INFO] ----------------------------------------------------------------------
[INFO] Step 6/10: Annotating input VCF...
[INFO] Markers with Stargazer membership: 4
[INFO] Variants with low impact: 0
[INFO] Variants with moderate impact: 0
[INFO] Variants with high impact: 4
[INFO] Variants reverted to wild type: 1/1
[INFO] Finished annotating input VCF
[INFO] ----------------------------------------------------------------------
[INFO] ----------------------------------------------------------------------
[INFO] Step 7/10: Phasing input VCF by haplotype extension...
[INFO] Markers attempted: 1
[INFO] Markers phased: 1
[INFO] Markers omitted: 0
[INFO] Finished phasing input VCF by haplotype extension
[INFO] ----------------------------------------------------------------------
[INFO] ----------------------------------------------------------------------
[INFO] Step 8/10: Creating a pretty VCF as a final product...
[INFO] ----------------------------------------------------------------------
[INFO] Step 9/10: Detecting structural variants...
[INFO] Skipped because VCF-only mode is turned on
[INFO] ----------------------------------------------------------------------
[INFO] ----------------------------------------------------------------------
[INFO] Step 10/10: Plotting various profiles...
[INFO] Skipped because VCF-only mode is turned on
[INFO] ----------------------------------------------------------------------
[INFO] ----------------------------------------------------------------------
[INFO] Elapsed time: 0:00:06
[INFO] Stargazer finished
[INFO] ----------------------------------------------------------------------
