beagle.05May22.33a.jar (version 5.4)
Copyright (C) 2014-2022 Brian L. Browning
Enter "java -jar beagle.05May22.33a.jar" to list command line argument
Start time: 01:49 PM PDT on 04 Apr 2023

Command line: java -Xmx2048m -jar beagle.05May22.33a.jar
  gt=hapmap-cyp2d6-vdr-ref/phaseme.vcf
  chrom=22:42512500-42551883
  ref=/net/nwgc/vol1/nobackup/Stargazer/Stargazer-20-grch38-support/stargazer/1kgp_vcf/hg19/cyp2d6.vcf.gz
  out=hapmap-cyp2d6-vdr-ref/phased
  impute=false
  nthreads=2

No genetic map is specified: using 1 cM = 1 Mb

Reference samples:                2,504
Study     samples:                   94

Window 1 [22:42519544-42551839]
Reference markers:                  307
Study     markers:                  307

Burnin  iteration 1:           1 second
Burnin  iteration 2:           0 seconds
Burnin  iteration 3:           0 seconds

Estimated ne:                  8126232
Estimated err:                 1.7e-03

Phasing iteration 1:           0 seconds
Phasing iteration 2:           0 seconds
Phasing iteration 3:           0 seconds
Phasing iteration 4:           0 seconds
Phasing iteration 5:           0 seconds
Phasing iteration 6:           0 seconds
Phasing iteration 7:           0 seconds
Phasing iteration 8:           0 seconds
Phasing iteration 9:           0 seconds
Phasing iteration 10:          0 seconds
Phasing iteration 11:          0 seconds
Phasing iteration 12:          0 seconds

Cumulative Statistics:

Study     markers:                  307

Haplotype phasing time:        3 seconds
Total time:                    4 seconds

End time: 01:49 PM PDT on 04 Apr 2023
beagle.05May22.33a.jar finished
