[INFO] ----------------------------------------------------------------------
[INFO] Stargazer 2.0.0
[INFO] Author: Seung-been "Steven" Lee
[INFO] Enter 'python3 Stargazer -h' to view command line arguments
[INFO] For more details, please visit https://stargazer.gs.washington.edu/stargazerweb
[INFO] Date: 2023-04-04
[INFO] Start time: 13:49:31
[INFO] Stargazer path: /net/nwgc/vol1/nobackup/Stargazer/Stargazer-20-grch38-support/stargazer/
[INFO] Command line: stargazer -o hapmap-cyp2d6-vdr-ref -d ts -t cyp2d6 -c vdr --sample-list 133419 133420 133421 133423 133425 --vcf hapmap-cyp2d6-vdr.joint.filtered.vcf --gdf hapmap-cyp2d6-vdr.gdf
[INFO] ----------------------------------------------------------------------
[INFO] ----------------------------------------------------------------------
[INFO] Step 1/9: Determining genotype mode...
[INFO] Reference genome assembly: hg19
[INFO] Target gene: CYP2D6
[INFO] Target paralog: CYP2D7
[INFO] Target region: chr22:42512500-42551883
[INFO] Control gene: VDR
[INFO] Control region: chr12:48232319-48301814
[INFO] Input data source: Targeted sequencing
[INFO] VCF-only mode is turned on: False
[INFO] Impute ungenotyped markers: False
[INFO] Finished determining genotype mode
[INFO] ----------------------------------------------------------------------
[INFO] ----------------------------------------------------------------------
[INFO] Step 2/10: Assessing input VCF file...
[INFO] Samples total: 94
[INFO] Markers total: 448
[INFO] Markers with allelic depth: 448
[INFO] Markers unphased: 448
[INFO] Markers phased: 0
[INFO] Markers partially phased: 0
[INFO] Finished assessing input VCF file
[INFO] ----------------------------------------------------------------------
[INFO] ----------------------------------------------------------------------
[INFO] Step 3/10: Processing input VCF...
[INFO] Markers with allelic imbalance: 59
[INFO] Markers with high missingness: 18
[INFO] Markers with invalid allele: 0
[INFO] Finished processing input VCF
[INFO] ----------------------------------------------------------------------
[INFO] ----------------------------------------------------------------------
[INFO] Step 4/10: Conforming input VCF...
[INFO] Markers total: 448
[INFO] Markers filtered: 18
[INFO] Markers remaining: 430
[INFO] Markers phasable: 307
[INFO] Markers ready: 301
[INFO] Markers conformed: 6
[INFO] Markers unphasable: 24
[INFO] Markers absent in reference VCF: 19
[INFO] Markers with different REF allele: 2
[INFO] Markers with no overlapping ALT alleles: 3
[INFO] Finished conforming input VCF
[INFO] ----------------------------------------------------------------------
[INFO] ----------------------------------------------------------------------
[INFO] Step 5/10: Statistically phasing input VCF...
