beagle.05May22.33a.jar (version 5.4)
Copyright (C) 2014-2022 Brian L. Browning
Enter "java -jar beagle.05May22.33a.jar" to list command line argument
Start time: 12:54 PM PDT on 04 Apr 2023

Command line: java -Xmx2048m -jar beagle.05May22.33a.jar
  gt=rok-cyp3a5-chip/phaseme.vcf
  chrom=7:99242811-99280649
  ref=/net/nwgc/vol1/nobackup/Stargazer/Stargazer-20-grch38-support/stargazer/1kgp_vcf/hg19/cyp3a5.vcf.gz
  out=rok-cyp3a5-chip/phased
  impute=false
  nthreads=2

No genetic map is specified: using 1 cM = 1 Mb

Reference samples:                2,504
Study     samples:                  100

Window 1 [7:99245013-99277534]
Reference markers:                   22
Study     markers:                   22

Burnin  iteration 1:           0 seconds

Estimated ne:                  660954
Estimated err:                 6.9e-04

Phasing iteration 1:           0 seconds
Phasing iteration 2:           0 seconds
Phasing iteration 3:           0 seconds
Phasing iteration 4:           0 seconds
Phasing iteration 5:           0 seconds
Phasing iteration 6:           0 seconds
Phasing iteration 7:           0 seconds
Phasing iteration 8:           0 seconds
Phasing iteration 9:           0 seconds
Phasing iteration 10:          0 seconds
Phasing iteration 11:          0 seconds
Phasing iteration 12:          0 seconds

Cumulative Statistics:

Study     markers:                   22

Haplotype phasing time:        0 seconds
Total time:                    2 seconds

End time: 12:54 PM PDT on 04 Apr 2023
beagle.05May22.33a.jar finished
