beagle.05May22.33a.jar (version 5.4)
Copyright (C) 2014-2022 Brian L. Browning
Enter "java -jar beagle.05May22.33a.jar" to list command line argument
Start time: 12:38 PM PDT on 04 Apr 2023

Command line: java -Xmx2048m -jar beagle.05May22.33a.jar
  gt=getrm-cyp2d6-vdr/phaseme.vcf
  chrom=22:42512500-42551883
  ref=/net/nwgc/vol1/nobackup/Stargazer/Stargazer-20-grch38-support/stargazer/1kgp_vcf/hg19/cyp2d6.vcf.gz
  out=getrm-cyp2d6-vdr/phased
  impute=false
  nthreads=2

No genetic map is specified: using 1 cM = 1 Mb

Reference samples:                2,504
Study     samples:                   70

Window 1 [22:42512613-42551839]
Reference markers:                  407
Study     markers:                  407

Burnin  iteration 1:           1 second
Burnin  iteration 2:           0 seconds

Estimated ne:                  6776300
Estimated err:                 1.6e-03

Phasing iteration 1:           0 seconds
Phasing iteration 2:           0 seconds
Phasing iteration 3:           0 seconds
Phasing iteration 4:           0 seconds
Phasing iteration 5:           0 seconds
Phasing iteration 6:           0 seconds
Phasing iteration 7:           0 seconds
Phasing iteration 8:           0 seconds
Phasing iteration 9:           0 seconds
Phasing iteration 10:          0 seconds
Phasing iteration 11:          0 seconds
Phasing iteration 12:          0 seconds

Cumulative Statistics:

Study     markers:                  407

Haplotype phasing time:        3 seconds
Total time:                    4 seconds

End time: 12:39 PM PDT on 04 Apr 2023
beagle.05May22.33a.jar finished
